>/usr/lib/ghdl/llvm/vhdl/ieee/v93/
../../src/ieee/v93/std_logic_1164.vhdl
>/usr/lib/ghdl/llvm/vhdl/ieee/v93/
../../src/ieee/v93/std_logic_1164-body.vhdl
>/usr/lib/ghdl/llvm/vhdl/ieee/v93/
../../src/ieee/v93/numeric_std.vhdl
>/usr/lib/ghdl/llvm/vhdl/ieee/v93/
../../src/ieee/v93/numeric_std-body.vhdl
>
ram.vhdl
>
main_tb.vhdl
>
icache.vhdl
>
dcache.vhdl
>
../CORE/arm_core.vhdl
>
../IFETCH/ifetch.vhdl
>
../FIFO/fifo_32b.vhdl
>
../DECOD/decod.vhdl
>
../DECOD/reg.vhdl
>
../FIFO/fifo_127b.vhdl
>
../EXEC/exec.vhdl
>
../EXEC/alu.vhdl
>
../EXEC/shifter.vhdl
>
../FIFO/fifo_72b.vhdl
>
../MEM/mem.vhdl
